<?xml version="1.0" encoding="UTF-8"?>
<!-- Generated by org.testng.reporters.JUnitReportReporter -->
<testsuite hostname="apple-aikyas-Mac-mini.local" failures="0" tests="1" name="com.crm.qa.testcases.HomePageTest" time="15.251" errors="0" timestamp="30 May 2018 11:40:21 GMT" skipped="0">
  <testcase classname="com.crm.qa.testcases.HomePageTest" name="verifyHomePageTitleTest" time="15.251"/>
</testsuite> <!-- com.crm.qa.testcases.HomePageTest -->
