<?xml version="1.0" encoding="UTF-8"?>
<!-- Generated by org.testng.reporters.JUnitReportReporter -->
<testsuite skipped="0" hostname="apple-aikyas-Mac-mini.local" name="com.crm.qa.testcases.LoginPageTest" tests="3" failures="0" timestamp="11 Jul 2018 10:58:42 GMT" time="28.009" errors="0">
  <testcase name="loginPageTitleTest" time="6.429" classname="com.crm.qa.testcases.LoginPageTest"/>
  <testcase name="crmLogoImageTest" time="5.496" classname="com.crm.qa.testcases.LoginPageTest"/>
  <testcase name="loginTest" time="16.084" classname="com.crm.qa.testcases.LoginPageTest"/>
</testsuite> <!-- com.crm.qa.testcases.LoginPageTest -->
