<?xml version="1.0" encoding="UTF-8"?>
<!-- Generated by org.testng.reporters.JUnitReportReporter -->
<testsuite hostname="apple-aikyas-Mac-mini.local" failures="0" tests="2" name="com.crm.qa.testcases.LoginPageTest" time="14.316" errors="0" timestamp="30 May 2018 11:40:21 GMT" skipped="0">
  <testcase classname="com.crm.qa.testcases.LoginPageTest" name="loginPageTitleTest" time="6.366"/>
  <testcase classname="com.crm.qa.testcases.LoginPageTest" name="crmLogoImageTest" time="7.950"/>
</testsuite> <!-- com.crm.qa.testcases.LoginPageTest -->
