<?xml version="1.0" encoding="UTF-8"?>
<!-- Generated by org.testng.reporters.JUnitReportReporter -->
<testsuite skipped="0" hostname="apple-aikyas-Mac-mini.local" name="com.crm.qa.testcases.HomePageTest" tests="3" failures="0" timestamp="23 Jul 2018 09:01:13 GMT" time="32.329" errors="0">
  <testcase name="verifyHomePageTitleTest" time="11.929" classname="com.crm.qa.testcases.HomePageTest"/>
  <testcase name="verifyUserNameTest" time="8.986" classname="com.crm.qa.testcases.HomePageTest"/>
  <testcase name="verifyContactsLinkTest" time="11.414" classname="com.crm.qa.testcases.HomePageTest"/>
</testsuite> <!-- com.crm.qa.testcases.HomePageTest -->
