<?xml version="1.0" encoding="UTF-8"?>
<!-- Generated by org.testng.reporters.JUnitReportReporter -->
<testsuite skipped="0" hostname="apple-aikyas-Mac-mini.local" name="com.crm.qa.testcases.LoginPageTest" tests="3" failures="0" timestamp="23 Jul 2018 09:01:13 GMT" time="21.433" errors="0">
  <testcase name="loginPageTitleTest" time="6.299" classname="com.crm.qa.testcases.LoginPageTest"/>
  <testcase name="crmLogoImageTest" time="5.880" classname="com.crm.qa.testcases.LoginPageTest"/>
  <testcase name="loginTest" time="9.254" classname="com.crm.qa.testcases.LoginPageTest"/>
</testsuite> <!-- com.crm.qa.testcases.LoginPageTest -->
